[2026-02-05 09:45:20] [LOW] [LOGIN_SUCCESS] IP: ::1, User: admin - LOGIN_SUCCESS: User admin logged in successfully
[2026-02-05 09:45:33] [LOW] [LOGIN_SUCCESS] IP: ::1, User: juan.delacruz - LOGIN_SUCCESS: User juan.delacruz logged in successfully
[2026-02-05 09:51:19] [LOW] [LOGIN_SUCCESS] IP: ::1, User: admin - LOGIN_SUCCESS: User admin logged in successfully
[2026-02-05 09:51:27] [LOW] [LOGIN_SUCCESS] IP: ::1, User: juan.delacruz - LOGIN_SUCCESS: User juan.delacruz logged in successfully
[2026-02-05 09:51:48] [LOW] [LOGIN_SUCCESS] IP: ::1, User: admin - LOGIN_SUCCESS: User admin logged in successfully
[2026-02-05 11:18:47] [LOW] [LOGIN_SUCCESS] IP: ::1, User: admin - LOGIN_SUCCESS: User admin logged in successfully
[2026-02-05 11:24:49] [LOW] [TRAINEE_CREATED] IP: ::1, User: admin - TRAINEE_CREATED: New trainee created: HUHU HAHA (ID: 47)
[2026-02-05 11:25:05] [MEDIUM] [LOGIN_FAILURE] IP: ::1, User: guest - LOGIN_FAILURE: Failed login attempt for username: huhu.haha5 from IP: ::1
[2026-02-05 11:25:13] [MEDIUM] [LOGIN_FAILURE] IP: ::1, User: guest - LOGIN_FAILURE: Failed login attempt for username: huhu.haha5 from IP: ::1
[2026-02-05 11:25:19] [LOW] [LOGIN_SUCCESS] IP: ::1, User: admin - LOGIN_SUCCESS: User admin logged in successfully
[2026-02-05 11:26:14] [LOW] [LOGIN_SUCCESS] IP: ::1, User: huhu.haha5 - LOGIN_SUCCESS: User huhu.haha5 logged in successfully
[2026-02-05 11:35:34] [LOW] [LOGIN_SUCCESS] IP: ::1, User: admin - LOGIN_SUCCESS: User admin logged in successfully
[2026-02-05 11:39:40] [LOW] [LOGIN_SUCCESS] IP: ::1, User: admin - LOGIN_SUCCESS: User admin logged in successfully
[2026-02-05 11:41:41] [LOW] [LOGIN_SUCCESS] IP: ::1, User: juan.delacruz - LOGIN_SUCCESS: User juan.delacruz logged in successfully
[2026-02-05 11:45:02] [LOW] [LOGIN_SUCCESS] IP: ::1, User: admin - LOGIN_SUCCESS: User admin logged in successfully
[2026-02-05 11:45:56] [LOW] [TRAINEE_CREATED] IP: ::1, User: admin - TRAINEE_CREATED: New trainee created: HUHU sfdszg (ID: 48)
[2026-02-05 11:46:20] [LOW] [TRAINEE_CREATED] IP: ::1, User: admin - TRAINEE_CREATED: New trainee created: HUHU sfdszg (ID: 49)
[2026-02-05 11:47:16] [LOW] [LOGIN_SUCCESS] IP: ::1, User: juan.delacruz - LOGIN_SUCCESS: User juan.delacruz logged in successfully
[2026-02-05 11:50:01] [LOW] [LOGIN_SUCCESS] IP: ::1, User: admin - LOGIN_SUCCESS: User admin logged in successfully
[2026-02-05 11:51:00] [LOW] [TRAINEE_CREATED] IP: ::1, User: admin - TRAINEE_CREATED: New trainee created: haha hehe (ID: 50)
[2026-02-05 11:51:11] [LOW] [LOGIN_SUCCESS] IP: ::1, User: haha.hehe1 - LOGIN_SUCCESS: User haha.hehe1 logged in successfully
[2026-02-05 11:51:22] [LOW] [PASSWORD_CHANGE] IP: ::1, User: haha.hehe1 - PASSWORD_CHANGE: User haha.hehe1 changed password
[2026-02-05 11:56:38] [LOW] [LOGIN_SUCCESS] IP: ::1, User: admin - LOGIN_SUCCESS: User admin logged in successfully
[2026-02-05 13:32:22] [LOW] [LOGIN_SUCCESS] IP: ::1, User: admin - LOGIN_SUCCESS: User admin logged in successfully
[2026-02-05 13:38:43] [MEDIUM] [LOGIN_FAILURE] IP: ::1, User: guest - LOGIN_FAILURE: Failed login attempt for username: admin from IP: ::1
[2026-02-05 13:38:47] [LOW] [LOGIN_SUCCESS] IP: ::1, User: admin - LOGIN_SUCCESS: User admin logged in successfully
[2026-02-05 13:49:26] [LOW] [LOGIN_SUCCESS] IP: ::1, User: juan.delacruz - LOGIN_SUCCESS: User juan.delacruz logged in successfully
[2026-02-05 13:50:17] [LOW] [LOGIN_SUCCESS] IP: ::1, User: admin - LOGIN_SUCCESS: User admin logged in successfully
[2026-02-05 13:58:05] [LOW] [TRAINEE_CREATED] IP: ::1, User: admin - TRAINEE_CREATED: New trainee created: gaga gege (ID: 51)
[2026-02-05 13:59:50] [MEDIUM] [LOGIN_FAILURE] IP: ::1, User: guest - LOGIN_FAILURE: Failed login attempt for non-existent username: gugu.gege from IP: ::1
[2026-02-05 13:59:56] [MEDIUM] [LOGIN_FAILURE] IP: ::1, User: guest - LOGIN_FAILURE: Failed login attempt for non-existent username: gugu.gaga1 from IP: ::1
[2026-02-05 14:00:10] [MEDIUM] [LOGIN_FAILURE] IP: ::1, User: guest - LOGIN_FAILURE: Failed login attempt for non-existent username: gugu.gege1 from IP: ::1
[2026-02-05 14:00:17] [LOW] [LOGIN_SUCCESS] IP: ::1, User: admin - LOGIN_SUCCESS: User admin logged in successfully
[2026-02-05 14:00:33] [LOW] [LOGIN_SUCCESS] IP: ::1, User: gaga.gege - LOGIN_SUCCESS: User gaga.gege logged in successfully
[2026-02-05 14:01:07] [LOW] [PASSWORD_CHANGE] IP: ::1, User: gaga.gege - PASSWORD_CHANGE: User gaga.gege changed password
[2026-02-05 14:02:52] [LOW] [LOGIN_SUCCESS] IP: ::1, User: admin - LOGIN_SUCCESS: User admin logged in successfully
[2026-02-05 14:03:13] [MEDIUM] [LOGIN_FAILURE] IP: ::1, User: guest - LOGIN_FAILURE: Failed login attempt for username: gaga.gege from IP: ::1
[2026-02-05 14:03:20] [LOW] [LOGIN_SUCCESS] IP: ::1, User: admin - LOGIN_SUCCESS: User admin logged in successfully
